0.603908 2
0.000978 1
9.427392 1
0.094786 2
0.238048 201
0.002008 129
0.000019 2
0.000328 1
1.543494 1
0.116889 1
0.112532 3
1.254766 3
0.141506 3
0.133869 1
0.355038 1
0.205679 1
0.056448 1
0.133601 1
0.103119 1
7.265456 1
0.579300 1
0.071423 1
0.133280 1
0.099849 1
0.585232 1
0.228389 1
0.115799 1
1.672659 1
0.265622 1
0.719943 1
0.199709 1
0.714513 1
0.213289 1
0.285171 1
0.113094 1
0.614564 2
0.205807 19
0.000088 1
2.009582 1
0.237994 1
0.182410 1
0.359119 1
0.230610 1
0.084903 1
0.518898 1
0.157877 1
0.118161 1
0.132857 1
2.213908 1
0.235366 1
1.006441 1
0.197156 1
0.182436 1
0.125479 1
0.109335 1
0.207369 1
0.221902 3
0.431006 1
0.180599 1
0.174050 1
0.077244 1
1.479311 1
0.244320 1
0.125006 1
0.133540 1
0.559501 1
0.132288 1
0.110347 1
0.414503 1
0.251225 1
0.166628 1
0.205125 1
0.117795 1
0.455865 1
0.110314 1
0.164812 2
0.400027 32
0.000195 1
6.758419 1
0.206032 1
0.166674 1
0.110820 1
0.151052 1
0.115579 1
0.397762 1
0.125042 1
0.360890 1
0.149230 1
0.075990 1
0.191206 1
0.376037 1
0.330902 1
0.142560 1
0.197408 1
0.182477 1
0.141288 1
0.117749 1
0.478853 1
0.198025 1
0.173866 1
0.084527 1
0.512017 1
0.228976 1
0.062626 1
0.093205 1
0.150422 1
0.188331 1
0.039238 1
0.285647 1
0.179527 1
0.285983 1
0.325953 1
0.189802 3
0.584994 3
0.133657 1
0.194370 1
0.125890 1
0.152753 1
0.109441 1
0.165096 2
0.328069 55
0.607037 2
0.000134 1
10.828909 1
0.197034 1
0.113394 1
0.131310 2
